{"C:\\Users\\Utilisateur\\Documents\\1 - ALTERNANCE WCS\\CODES\\IN USE\\sportParkour\\backend\\src\\entities\\epreuve.entity.ts": {"path":"C:\\Users\\Utilisateur\\Documents\\1 - ALTERNANCE WCS\\CODES\\IN USE\\sportParkour\\backend\\src\\entities\\epreuve.entity.ts","statementMap":{"0":{"start":{"line":1,"column":0},"end":{"line":1,"column":null}},"1":{"start":{"line":9,"column":0},"end":{"line":9,"column":64}},"2":{"start":{"line":10,"column":0},"end":{"line":10,"column":55}},"3":{"start":{"line":11,"column":0},"end":{"line":11,"column":45}},"4":{"start":{"line":15,"column":0},"end":{"line":66,"column":null}},"5":{"start":{"line":18,"column":2},"end":{"line":18,"column":null}},"6":{"start":{"line":16,"column":15},"end":{"line":16,"column":17}},"7":{"start":{"line":22,"column":2},"end":{"line":22,"column":null}},"8":{"start":{"line":26,"column":2},"end":{"line":26,"column":null}},"9":{"start":{"line":30,"column":2},"end":{"line":30,"column":null}},"10":{"start":{"line":34,"column":2},"end":{"line":34,"column":null}},"11":{"start":{"line":38,"column":2},"end":{"line":38,"column":null}},"12":{"start":{"line":42,"column":2},"end":{"line":42,"column":null}},"13":{"start":{"line":48,"column":2},"end":{"line":48,"column":null}},"14":{"start":{"line":44,"column":15},"end":{"line":44,"column":35}},"15":{"start":{"line":45,"column":19},"end":{"line":45,"column":37}},"16":{"start":{"line":45,"column":48},"end":{"line":45,"column":62}},"17":{"start":{"line":65,"column":2},"end":{"line":65,"column":null}},"18":{"start":{"line":50,"column":15},"end":{"line":50,"column":30}},"19":{"start":{"line":51,"column":20},"end":{"line":51,"column":33}},"20":{"start":{"line":15,"column":6},"end":{"line":66,"column":null}},"21":{"start":{"line":71,"column":7},"end":{"line":84,"column":null}},"22":{"start":{"line":71,"column":13},"end":{"line":71,"column":32}},"23":{"start":{"line":73,"column":2},"end":{"line":73,"column":null}},"24":{"start":{"line":75,"column":2},"end":{"line":75,"column":null}},"25":{"start":{"line":77,"column":2},"end":{"line":77,"column":null}},"26":{"start":{"line":79,"column":2},"end":{"line":79,"column":null}},"27":{"start":{"line":81,"column":2},"end":{"line":81,"column":null}},"28":{"start":{"line":83,"column":2},"end":{"line":83,"column":null}},"29":{"start":{"line":71,"column":13},"end":{"line":84,"column":null}},"30":{"start":{"line":88,"column":7},"end":{"line":101,"column":null}},"31":{"start":{"line":88,"column":13},"end":{"line":88,"column":32}},"32":{"start":{"line":90,"column":2},"end":{"line":90,"column":null}},"33":{"start":{"line":92,"column":2},"end":{"line":92,"column":null}},"34":{"start":{"line":94,"column":2},"end":{"line":94,"column":null}},"35":{"start":{"line":96,"column":2},"end":{"line":96,"column":null}},"36":{"start":{"line":98,"column":2},"end":{"line":98,"column":null}},"37":{"start":{"line":100,"column":2},"end":{"line":100,"column":null}},"38":{"start":{"line":88,"column":13},"end":{"line":101,"column":null}},"39":{"start":{"line":103,"column":0},"end":{"line":103,"column":29}}},"fnMap":{"0":{"name":"(anonymous_3)","decl":{"start":{"line":16,"column":9},"end":{"line":16,"column":12}},"loc":{"start":{"line":16,"column":15},"end":{"line":16,"column":17}}},"1":{"name":"(anonymous_4)","decl":{"start":{"line":44,"column":9},"end":{"line":44,"column":12}},"loc":{"start":{"line":44,"column":15},"end":{"line":44,"column":35}}},"2":{"name":"(anonymous_5)","decl":{"start":{"line":45,"column":13},"end":{"line":45,"column":16}},"loc":{"start":{"line":45,"column":19},"end":{"line":45,"column":37}}},"3":{"name":"(anonymous_6)","decl":{"start":{"line":45,"column":39},"end":{"line":45,"column":40}},"loc":{"start":{"line":45,"column":48},"end":{"line":45,"column":62}}},"4":{"name":"(anonymous_7)","decl":{"start":{"line":50,"column":9},"end":{"line":50,"column":12}},"loc":{"start":{"line":50,"column":15},"end":{"line":50,"column":30}}},"5":{"name":"(anonymous_8)","decl":{"start":{"line":51,"column":14},"end":{"line":51,"column":17}},"loc":{"start":{"line":51,"column":20},"end":{"line":51,"column":33}}}},"branchMap":{},"s":{"0":1,"1":1,"2":1,"3":1,"4":1,"5":1,"6":1,"7":1,"8":1,"9":1,"10":1,"11":1,"12":1,"13":1,"14":1,"15":0,"16":0,"17":1,"18":1,"19":0,"20":1,"21":1,"22":1,"23":1,"24":1,"25":1,"26":1,"27":1,"28":1,"29":1,"30":1,"31":1,"32":1,"33":1,"34":1,"35":1,"36":1,"37":1,"38":1,"39":1},"f":{"0":1,"1":1,"2":0,"3":0,"4":1,"5":0},"b":{}}
,"C:\\Users\\Utilisateur\\Documents\\1 - ALTERNANCE WCS\\CODES\\IN USE\\sportParkour\\backend\\src\\entities\\imageEpreuve.entity.ts": {"path":"C:\\Users\\Utilisateur\\Documents\\1 - ALTERNANCE WCS\\CODES\\IN USE\\sportParkour\\backend\\src\\entities\\imageEpreuve.entity.ts","statementMap":{"0":{"start":{"line":1,"column":0},"end":{"line":1,"column":76}},"1":{"start":{"line":2,"column":0},"end":{"line":2,"column":53}},"2":{"start":{"line":3,"column":0},"end":{"line":3,"column":45}},"3":{"start":{"line":7,"column":0},"end":{"line":21,"column":null}},"4":{"start":{"line":10,"column":2},"end":{"line":10,"column":null}},"5":{"start":{"line":8,"column":15},"end":{"line":8,"column":17}},"6":{"start":{"line":14,"column":2},"end":{"line":14,"column":null}},"7":{"start":{"line":20,"column":2},"end":{"line":20,"column":null}},"8":{"start":{"line":16,"column":15},"end":{"line":16,"column":28}},"9":{"start":{"line":17,"column":19},"end":{"line":17,"column":32}},"10":{"start":{"line":7,"column":6},"end":{"line":21,"column":null}},"11":{"start":{"line":23,"column":0},"end":{"line":23,"column":34}}},"fnMap":{"0":{"name":"(anonymous_3)","decl":{"start":{"line":8,"column":9},"end":{"line":8,"column":12}},"loc":{"start":{"line":8,"column":15},"end":{"line":8,"column":17}}},"1":{"name":"(anonymous_4)","decl":{"start":{"line":16,"column":9},"end":{"line":16,"column":12}},"loc":{"start":{"line":16,"column":15},"end":{"line":16,"column":28}}},"2":{"name":"(anonymous_5)","decl":{"start":{"line":17,"column":13},"end":{"line":17,"column":16}},"loc":{"start":{"line":17,"column":19},"end":{"line":17,"column":32}}}},"branchMap":{},"s":{"0":1,"1":1,"2":1,"3":1,"4":1,"5":1,"6":1,"7":1,"8":1,"9":0,"10":1,"11":1},"f":{"0":1,"1":1,"2":0},"b":{}}
,"C:\\Users\\Utilisateur\\Documents\\1 - ALTERNANCE WCS\\CODES\\IN USE\\sportParkour\\backend\\src\\entities\\imageParkour.entity.ts": {"path":"C:\\Users\\Utilisateur\\Documents\\1 - ALTERNANCE WCS\\CODES\\IN USE\\sportParkour\\backend\\src\\entities\\imageParkour.entity.ts","statementMap":{"0":{"start":{"line":1,"column":0},"end":{"line":1,"column":76}},"1":{"start":{"line":2,"column":0},"end":{"line":2,"column":53}},"2":{"start":{"line":3,"column":0},"end":{"line":3,"column":45}},"3":{"start":{"line":7,"column":0},"end":{"line":21,"column":null}},"4":{"start":{"line":10,"column":2},"end":{"line":10,"column":null}},"5":{"start":{"line":8,"column":15},"end":{"line":8,"column":17}},"6":{"start":{"line":14,"column":2},"end":{"line":14,"column":null}},"7":{"start":{"line":20,"column":2},"end":{"line":20,"column":null}},"8":{"start":{"line":16,"column":15},"end":{"line":16,"column":28}},"9":{"start":{"line":17,"column":19},"end":{"line":17,"column":32}},"10":{"start":{"line":7,"column":6},"end":{"line":21,"column":null}},"11":{"start":{"line":23,"column":0},"end":{"line":23,"column":34}}},"fnMap":{"0":{"name":"(anonymous_3)","decl":{"start":{"line":8,"column":9},"end":{"line":8,"column":12}},"loc":{"start":{"line":8,"column":15},"end":{"line":8,"column":17}}},"1":{"name":"(anonymous_4)","decl":{"start":{"line":16,"column":9},"end":{"line":16,"column":12}},"loc":{"start":{"line":16,"column":15},"end":{"line":16,"column":28}}},"2":{"name":"(anonymous_5)","decl":{"start":{"line":17,"column":13},"end":{"line":17,"column":16}},"loc":{"start":{"line":17,"column":19},"end":{"line":17,"column":32}}}},"branchMap":{},"s":{"0":1,"1":1,"2":1,"3":1,"4":1,"5":1,"6":1,"7":1,"8":1,"9":0,"10":1,"11":1},"f":{"0":1,"1":1,"2":0},"b":{}}
,"C:\\Users\\Utilisateur\\Documents\\1 - ALTERNANCE WCS\\CODES\\IN USE\\sportParkour\\backend\\src\\entities\\joinUserParkour.entity.ts": {"path":"C:\\Users\\Utilisateur\\Documents\\1 - ALTERNANCE WCS\\CODES\\IN USE\\sportParkour\\backend\\src\\entities\\joinUserParkour.entity.ts","statementMap":{"0":{"start":{"line":1,"column":0},"end":{"line":1,"column":79}},"1":{"start":{"line":2,"column":0},"end":{"line":2,"column":43}},"2":{"start":{"line":3,"column":0},"end":{"line":3,"column":64}},"3":{"start":{"line":5,"column":0},"end":{"line":5,"column":39}},"4":{"start":{"line":6,"column":0},"end":{"line":6,"column":45}},"5":{"start":{"line":11,"column":7},"end":{"line":41,"column":null}},"6":{"start":{"line":11,"column":13},"end":{"line":11,"column":34}},"7":{"start":{"line":14,"column":2},"end":{"line":14,"column":null}},"8":{"start":{"line":12,"column":15},"end":{"line":12,"column":17}},"9":{"start":{"line":18,"column":2},"end":{"line":18,"column":null}},"10":{"start":{"line":16,"column":15},"end":{"line":16,"column":17}},"11":{"start":{"line":26,"column":2},"end":{"line":26,"column":null}},"12":{"start":{"line":30,"column":2},"end":{"line":30,"column":null}},"13":{"start":{"line":35,"column":2},"end":{"line":35,"column":null}},"14":{"start":{"line":32,"column":15},"end":{"line":32,"column":25}},"15":{"start":{"line":33,"column":19},"end":{"line":33,"column":29}},"16":{"start":{"line":40,"column":2},"end":{"line":40,"column":null}},"17":{"start":{"line":37,"column":15},"end":{"line":37,"column":28}},"18":{"start":{"line":38,"column":19},"end":{"line":38,"column":32}},"19":{"start":{"line":11,"column":13},"end":{"line":41,"column":null}},"20":{"start":{"line":44,"column":7},"end":{"line":51,"column":null}},"21":{"start":{"line":44,"column":13},"end":{"line":44,"column":40}},"22":{"start":{"line":46,"column":2},"end":{"line":46,"column":null}},"23":{"start":{"line":48,"column":2},"end":{"line":48,"column":null}},"24":{"start":{"line":50,"column":2},"end":{"line":50,"column":null}},"25":{"start":{"line":44,"column":13},"end":{"line":51,"column":null}},"26":{"start":{"line":54,"column":7},"end":{"line":61,"column":null}},"27":{"start":{"line":54,"column":13},"end":{"line":54,"column":40}},"28":{"start":{"line":56,"column":2},"end":{"line":56,"column":null}},"29":{"start":{"line":58,"column":2},"end":{"line":58,"column":null}},"30":{"start":{"line":60,"column":2},"end":{"line":60,"column":null}},"31":{"start":{"line":54,"column":13},"end":{"line":61,"column":null}},"32":{"start":{"line":63,"column":0},"end":{"line":63,"column":37}}},"fnMap":{"0":{"name":"(anonymous_3)","decl":{"start":{"line":12,"column":9},"end":{"line":12,"column":12}},"loc":{"start":{"line":12,"column":15},"end":{"line":12,"column":17}}},"1":{"name":"(anonymous_4)","decl":{"start":{"line":16,"column":9},"end":{"line":16,"column":12}},"loc":{"start":{"line":16,"column":15},"end":{"line":16,"column":17}}},"2":{"name":"(anonymous_5)","decl":{"start":{"line":32,"column":9},"end":{"line":32,"column":12}},"loc":{"start":{"line":32,"column":15},"end":{"line":32,"column":25}}},"3":{"name":"(anonymous_6)","decl":{"start":{"line":33,"column":13},"end":{"line":33,"column":16}},"loc":{"start":{"line":33,"column":19},"end":{"line":33,"column":29}}},"4":{"name":"(anonymous_7)","decl":{"start":{"line":37,"column":9},"end":{"line":37,"column":12}},"loc":{"start":{"line":37,"column":15},"end":{"line":37,"column":28}}},"5":{"name":"(anonymous_8)","decl":{"start":{"line":38,"column":13},"end":{"line":38,"column":16}},"loc":{"start":{"line":38,"column":19},"end":{"line":38,"column":32}}}},"branchMap":{},"s":{"0":1,"1":1,"2":1,"3":1,"4":1,"5":1,"6":1,"7":1,"8":1,"9":1,"10":1,"11":1,"12":1,"13":1,"14":1,"15":0,"16":1,"17":1,"18":0,"19":1,"20":1,"21":1,"22":1,"23":1,"24":1,"25":1,"26":1,"27":1,"28":1,"29":1,"30":1,"31":1,"32":1},"f":{"0":1,"1":1,"2":1,"3":0,"4":1,"5":0},"b":{}}
,"C:\\Users\\Utilisateur\\Documents\\1 - ALTERNANCE WCS\\CODES\\IN USE\\sportParkour\\backend\\src\\entities\\message.entity.ts": {"path":"C:\\Users\\Utilisateur\\Documents\\1 - ALTERNANCE WCS\\CODES\\IN USE\\sportParkour\\backend\\src\\entities\\message.entity.ts","statementMap":{"0":{"start":{"line":1,"column":0},"end":{"line":1,"column":49}},"1":{"start":{"line":4,"column":7},"end":{"line":9,"column":null}},"2":{"start":{"line":4,"column":13},"end":{"line":4,"column":26}},"3":{"start":{"line":6,"column":2},"end":{"line":6,"column":null}},"4":{"start":{"line":8,"column":2},"end":{"line":8,"column":null}},"5":{"start":{"line":4,"column":13},"end":{"line":9,"column":null}}},"fnMap":{},"branchMap":{},"s":{"0":1,"1":1,"2":1,"3":1,"4":1,"5":1},"f":{},"b":{}}
,"C:\\Users\\Utilisateur\\Documents\\1 - ALTERNANCE WCS\\CODES\\IN USE\\sportParkour\\backend\\src\\entities\\parkour.entity.ts": {"path":"C:\\Users\\Utilisateur\\Documents\\1 - ALTERNANCE WCS\\CODES\\IN USE\\sportParkour\\backend\\src\\entities\\parkour.entity.ts","statementMap":{"0":{"start":{"line":1,"column":0},"end":{"line":1,"column":null}},"1":{"start":{"line":9,"column":0},"end":{"line":9,"column":69}},"2":{"start":{"line":10,"column":0},"end":{"line":10,"column":43}},"3":{"start":{"line":12,"column":0},"end":{"line":12,"column":45}},"4":{"start":{"line":13,"column":0},"end":{"line":13,"column":55}},"5":{"start":{"line":15,"column":0},"end":{"line":15,"column":53}},"6":{"start":{"line":19,"column":0},"end":{"line":91,"column":null}},"7":{"start":{"line":22,"column":2},"end":{"line":22,"column":null}},"8":{"start":{"line":20,"column":15},"end":{"line":20,"column":17}},"9":{"start":{"line":26,"column":2},"end":{"line":26,"column":null}},"10":{"start":{"line":30,"column":2},"end":{"line":30,"column":null}},"11":{"start":{"line":36,"column":2},"end":{"line":36,"column":null}},"12":{"start":{"line":42,"column":2},"end":{"line":42,"column":null}},"13":{"start":{"line":50,"column":2},"end":{"line":50,"column":null}},"14":{"start":{"line":44,"column":15},"end":{"line":44,"column":25}},"15":{"start":{"line":54,"column":2},"end":{"line":54,"column":null}},"16":{"start":{"line":59,"column":2},"end":{"line":59,"column":null}},"17":{"start":{"line":63,"column":2},"end":{"line":63,"column":null}},"18":{"start":{"line":67,"column":2},"end":{"line":67,"column":null}},"19":{"start":{"line":73,"column":2},"end":{"line":73,"column":null}},"20":{"start":{"line":69,"column":15},"end":{"line":69,"column":35}},"21":{"start":{"line":70,"column":19},"end":{"line":70,"column":37}},"22":{"start":{"line":70,"column":48},"end":{"line":70,"column":62}},"23":{"start":{"line":90,"column":2},"end":{"line":90,"column":null}},"24":{"start":{"line":75,"column":15},"end":{"line":75,"column":30}},"25":{"start":{"line":76,"column":20},"end":{"line":76,"column":33}},"26":{"start":{"line":19,"column":6},"end":{"line":91,"column":null}},"27":{"start":{"line":96,"column":7},"end":{"line":113,"column":null}},"28":{"start":{"line":96,"column":13},"end":{"line":96,"column":32}},"29":{"start":{"line":98,"column":2},"end":{"line":98,"column":null}},"30":{"start":{"line":100,"column":2},"end":{"line":100,"column":null}},"31":{"start":{"line":102,"column":2},"end":{"line":102,"column":null}},"32":{"start":{"line":104,"column":2},"end":{"line":104,"column":null}},"33":{"start":{"line":106,"column":2},"end":{"line":106,"column":null}},"34":{"start":{"line":105,"column":15},"end":{"line":105,"column":25}},"35":{"start":{"line":108,"column":2},"end":{"line":108,"column":null}},"36":{"start":{"line":110,"column":2},"end":{"line":110,"column":null}},"37":{"start":{"line":112,"column":2},"end":{"line":112,"column":null}},"38":{"start":{"line":111,"column":15},"end":{"line":111,"column":20}},"39":{"start":{"line":96,"column":13},"end":{"line":113,"column":null}},"40":{"start":{"line":116,"column":7},"end":{"line":133,"column":null}},"41":{"start":{"line":116,"column":13},"end":{"line":116,"column":32}},"42":{"start":{"line":118,"column":2},"end":{"line":118,"column":null}},"43":{"start":{"line":120,"column":2},"end":{"line":120,"column":null}},"44":{"start":{"line":122,"column":2},"end":{"line":122,"column":null}},"45":{"start":{"line":124,"column":2},"end":{"line":124,"column":null}},"46":{"start":{"line":126,"column":2},"end":{"line":126,"column":null}},"47":{"start":{"line":125,"column":15},"end":{"line":125,"column":25}},"48":{"start":{"line":128,"column":2},"end":{"line":128,"column":null}},"49":{"start":{"line":130,"column":2},"end":{"line":130,"column":null}},"50":{"start":{"line":132,"column":2},"end":{"line":132,"column":null}},"51":{"start":{"line":131,"column":15},"end":{"line":131,"column":20}},"52":{"start":{"line":116,"column":13},"end":{"line":133,"column":null}},"53":{"start":{"line":136,"column":7},"end":{"line":141,"column":null}},"54":{"start":{"line":136,"column":13},"end":{"line":136,"column":36}},"55":{"start":{"line":138,"column":2},"end":{"line":138,"column":null}},"56":{"start":{"line":140,"column":2},"end":{"line":140,"column":null}},"57":{"start":{"line":136,"column":13},"end":{"line":141,"column":null}},"58":{"start":{"line":143,"column":0},"end":{"line":143,"column":29}}},"fnMap":{"0":{"name":"(anonymous_3)","decl":{"start":{"line":20,"column":9},"end":{"line":20,"column":12}},"loc":{"start":{"line":20,"column":15},"end":{"line":20,"column":17}}},"1":{"name":"(anonymous_4)","decl":{"start":{"line":44,"column":9},"end":{"line":44,"column":12}},"loc":{"start":{"line":44,"column":15},"end":{"line":44,"column":25}}},"2":{"name":"(anonymous_5)","decl":{"start":{"line":69,"column":9},"end":{"line":69,"column":12}},"loc":{"start":{"line":69,"column":15},"end":{"line":69,"column":35}}},"3":{"name":"(anonymous_6)","decl":{"start":{"line":70,"column":13},"end":{"line":70,"column":16}},"loc":{"start":{"line":70,"column":19},"end":{"line":70,"column":37}}},"4":{"name":"(anonymous_7)","decl":{"start":{"line":70,"column":39},"end":{"line":70,"column":40}},"loc":{"start":{"line":70,"column":48},"end":{"line":70,"column":62}}},"5":{"name":"(anonymous_8)","decl":{"start":{"line":75,"column":9},"end":{"line":75,"column":12}},"loc":{"start":{"line":75,"column":15},"end":{"line":75,"column":30}}},"6":{"name":"(anonymous_9)","decl":{"start":{"line":76,"column":14},"end":{"line":76,"column":17}},"loc":{"start":{"line":76,"column":20},"end":{"line":76,"column":33}}},"7":{"name":"(anonymous_10)","decl":{"start":{"line":105,"column":9},"end":{"line":105,"column":12}},"loc":{"start":{"line":105,"column":15},"end":{"line":105,"column":25}}},"8":{"name":"(anonymous_11)","decl":{"start":{"line":111,"column":9},"end":{"line":111,"column":12}},"loc":{"start":{"line":111,"column":15},"end":{"line":111,"column":20}}},"9":{"name":"(anonymous_12)","decl":{"start":{"line":125,"column":9},"end":{"line":125,"column":12}},"loc":{"start":{"line":125,"column":15},"end":{"line":125,"column":25}}},"10":{"name":"(anonymous_13)","decl":{"start":{"line":131,"column":9},"end":{"line":131,"column":12}},"loc":{"start":{"line":131,"column":15},"end":{"line":131,"column":20}}}},"branchMap":{},"s":{"0":1,"1":1,"2":1,"3":1,"4":1,"5":1,"6":1,"7":1,"8":1,"9":1,"10":1,"11":1,"12":1,"13":1,"14":1,"15":1,"16":1,"17":1,"18":1,"19":1,"20":1,"21":0,"22":0,"23":1,"24":1,"25":0,"26":1,"27":1,"28":1,"29":1,"30":1,"31":1,"32":1,"33":1,"34":0,"35":1,"36":1,"37":1,"38":0,"39":1,"40":1,"41":1,"42":1,"43":1,"44":1,"45":1,"46":1,"47":0,"48":1,"49":1,"50":1,"51":0,"52":1,"53":1,"54":1,"55":1,"56":1,"57":1,"58":1},"f":{"0":1,"1":1,"2":1,"3":0,"4":0,"5":1,"6":0,"7":0,"8":0,"9":0,"10":0},"b":{}}
,"C:\\Users\\Utilisateur\\Documents\\1 - ALTERNANCE WCS\\CODES\\IN USE\\sportParkour\\backend\\src\\entities\\user.entity.ts": {"path":"C:\\Users\\Utilisateur\\Documents\\1 - ALTERNANCE WCS\\CODES\\IN USE\\sportParkour\\backend\\src\\entities\\user.entity.ts","statementMap":{"0":{"start":{"line":1,"column":0},"end":{"line":1,"column":null}},"1":{"start":{"line":9,"column":0},"end":{"line":9,"column":64}},"2":{"start":{"line":10,"column":15},"end":{"line":10,"column":32}},"3":{"start":{"line":12,"column":0},"end":{"line":12,"column":41}},"4":{"start":{"line":13,"column":0},"end":{"line":13,"column":61}},"5":{"start":{"line":17,"column":0},"end":{"line":82,"column":null}},"6":{"start":{"line":21,"column":4},"end":{"line":21,"column":53}},"7":{"start":{"line":20,"column":18},"end":{"line":22,"column":null}},"8":{"start":{"line":26,"column":2},"end":{"line":26,"column":null}},"9":{"start":{"line":24,"column":15},"end":{"line":24,"column":17}},"10":{"start":{"line":30,"column":2},"end":{"line":30,"column":null}},"11":{"start":{"line":34,"column":2},"end":{"line":34,"column":null}},"12":{"start":{"line":38,"column":2},"end":{"line":38,"column":null}},"13":{"start":{"line":56,"column":2},"end":{"line":56,"column":null}},"14":{"start":{"line":47,"column":8},"end":{"line":47,"column":35}},"15":{"start":{"line":51,"column":8},"end":{"line":51,"column":35}},"16":{"start":{"line":60,"column":2},"end":{"line":60,"column":null}},"17":{"start":{"line":64,"column":2},"end":{"line":64,"column":null}},"18":{"start":{"line":68,"column":2},"end":{"line":68,"column":null}},"19":{"start":{"line":75,"column":2},"end":{"line":75,"column":null}},"20":{"start":{"line":70,"column":15},"end":{"line":70,"column":19}},"21":{"start":{"line":81,"column":2},"end":{"line":81,"column":null}},"22":{"start":{"line":77,"column":15},"end":{"line":77,"column":38}},"23":{"start":{"line":78,"column":19},"end":{"line":78,"column":40}},"24":{"start":{"line":78,"column":52},"end":{"line":78,"column":62}},"25":{"start":{"line":17,"column":6},"end":{"line":82,"column":null}},"26":{"start":{"line":88,"column":7},"end":{"line":103,"column":null}},"27":{"start":{"line":88,"column":13},"end":{"line":88,"column":36}},"28":{"start":{"line":90,"column":2},"end":{"line":90,"column":null}},"29":{"start":{"line":92,"column":2},"end":{"line":92,"column":null}},"30":{"start":{"line":94,"column":2},"end":{"line":94,"column":null}},"31":{"start":{"line":96,"column":2},"end":{"line":96,"column":null}},"32":{"start":{"line":98,"column":2},"end":{"line":98,"column":null}},"33":{"start":{"line":100,"column":2},"end":{"line":100,"column":null}},"34":{"start":{"line":102,"column":2},"end":{"line":102,"column":null}},"35":{"start":{"line":88,"column":13},"end":{"line":103,"column":null}},"36":{"start":{"line":107,"column":7},"end":{"line":112,"column":null}},"37":{"start":{"line":107,"column":13},"end":{"line":107,"column":32}},"38":{"start":{"line":109,"column":2},"end":{"line":109,"column":null}},"39":{"start":{"line":111,"column":2},"end":{"line":111,"column":null}},"40":{"start":{"line":107,"column":13},"end":{"line":112,"column":null}},"41":{"start":{"line":116,"column":7},"end":{"line":129,"column":null}},"42":{"start":{"line":116,"column":13},"end":{"line":116,"column":29}},"43":{"start":{"line":118,"column":2},"end":{"line":118,"column":null}},"44":{"start":{"line":120,"column":2},"end":{"line":120,"column":null}},"45":{"start":{"line":122,"column":2},"end":{"line":122,"column":null}},"46":{"start":{"line":124,"column":2},"end":{"line":124,"column":null}},"47":{"start":{"line":126,"column":2},"end":{"line":126,"column":null}},"48":{"start":{"line":128,"column":2},"end":{"line":128,"column":null}},"49":{"start":{"line":116,"column":13},"end":{"line":129,"column":null}},"50":{"start":{"line":131,"column":0},"end":{"line":131,"column":26}}},"fnMap":{"0":{"name":"(anonymous_10)","decl":{"start":{"line":20,"column":18},"end":{"line":20,"column":30}},"loc":{"start":{"line":20,"column":30},"end":{"line":22,"column":null}}},"1":{"name":"(anonymous_12)","decl":{"start":{"line":24,"column":9},"end":{"line":24,"column":12}},"loc":{"start":{"line":24,"column":15},"end":{"line":24,"column":17}}},"2":{"name":"(anonymous_13)","decl":{"start":{"line":46,"column":6},"end":{"line":46,"column":10}},"loc":{"start":{"line":46,"column":24},"end":{"line":49,"column":7}}},"3":{"name":"(anonymous_14)","decl":{"start":{"line":50,"column":6},"end":{"line":50,"column":8}},"loc":{"start":{"line":50,"column":22},"end":{"line":53,"column":7}}},"4":{"name":"(anonymous_15)","decl":{"start":{"line":70,"column":9},"end":{"line":70,"column":12}},"loc":{"start":{"line":70,"column":15},"end":{"line":70,"column":19}}},"5":{"name":"(anonymous_16)","decl":{"start":{"line":77,"column":9},"end":{"line":77,"column":12}},"loc":{"start":{"line":77,"column":15},"end":{"line":77,"column":38}}},"6":{"name":"(anonymous_17)","decl":{"start":{"line":78,"column":13},"end":{"line":78,"column":16}},"loc":{"start":{"line":78,"column":19},"end":{"line":78,"column":40}}},"7":{"name":"(anonymous_18)","decl":{"start":{"line":78,"column":42},"end":{"line":78,"column":43}},"loc":{"start":{"line":78,"column":52},"end":{"line":78,"column":62}}}},"branchMap":{},"s":{"0":1,"1":1,"2":1,"3":1,"4":1,"5":1,"6":0,"7":1,"8":1,"9":1,"10":1,"11":1,"12":1,"13":1,"14":0,"15":0,"16":1,"17":1,"18":1,"19":1,"20":1,"21":1,"22":1,"23":0,"24":0,"25":1,"26":1,"27":1,"28":1,"29":1,"30":1,"31":1,"32":1,"33":1,"34":1,"35":1,"36":1,"37":1,"38":1,"39":1,"40":1,"41":1,"42":1,"43":1,"44":1,"45":1,"46":1,"47":1,"48":1,"49":1,"50":1},"f":{"0":0,"1":1,"2":0,"3":0,"4":1,"5":1,"6":0,"7":0},"b":{}}
,"C:\\Users\\Utilisateur\\Documents\\1 - ALTERNANCE WCS\\CODES\\IN USE\\sportParkour\\backend\\src\\enum\\difficulty.enum.ts": {"path":"C:\\Users\\Utilisateur\\Documents\\1 - ALTERNANCE WCS\\CODES\\IN USE\\sportParkour\\backend\\src\\enum\\difficulty.enum.ts","statementMap":{"0":{"start":{"line":1,"column":0},"end":{"line":1,"column":48}},"1":{"start":{"line":3,"column":0},"end":{"line":3,"column":null}},"2":{"start":{"line":4,"column":2},"end":{"line":4,"column":null}},"3":{"start":{"line":5,"column":2},"end":{"line":5,"column":null}},"4":{"start":{"line":6,"column":2},"end":{"line":6,"column":null}},"5":{"start":{"line":9,"column":0},"end":{"line":12,"column":3}}},"fnMap":{"0":{"name":"(anonymous_0)","decl":{"start":{"line":3,"column":0},"end":{"line":3,"column":12}},"loc":{"start":{"line":3,"column":22},"end":{"line":7,"column":1}}}},"branchMap":{"0":{"loc":{"start":{"line":3,"column":12},"end":{"line":3,"column":null}},"type":"binary-expr","locations":[{"start":{"line":3,"column":12},"end":{"line":3,"column":22}},{"start":{"line":3,"column":22},"end":{"line":3,"column":null}}]}},"s":{"0":1,"1":1,"2":1,"3":1,"4":1,"5":1},"f":{"0":1},"b":{"0":[1,1]}}
,"C:\\Users\\Utilisateur\\Documents\\1 - ALTERNANCE WCS\\CODES\\IN USE\\sportParkour\\backend\\src\\enum\\role.enum.ts": {"path":"C:\\Users\\Utilisateur\\Documents\\1 - ALTERNANCE WCS\\CODES\\IN USE\\sportParkour\\backend\\src\\enum\\role.enum.ts","statementMap":{"0":{"start":{"line":1,"column":0},"end":{"line":1,"column":48}},"1":{"start":{"line":3,"column":0},"end":{"line":3,"column":null}},"2":{"start":{"line":4,"column":2},"end":{"line":4,"column":null}},"3":{"start":{"line":5,"column":2},"end":{"line":5,"column":null}},"4":{"start":{"line":8,"column":0},"end":{"line":11,"column":3}}},"fnMap":{"0":{"name":"(anonymous_0)","decl":{"start":{"line":3,"column":0},"end":{"line":3,"column":12}},"loc":{"start":{"line":3,"column":16},"end":{"line":6,"column":1}}}},"branchMap":{"0":{"loc":{"start":{"line":3,"column":12},"end":{"line":3,"column":null}},"type":"binary-expr","locations":[{"start":{"line":3,"column":12},"end":{"line":3,"column":16}},{"start":{"line":3,"column":16},"end":{"line":3,"column":null}}]}},"s":{"0":1,"1":1,"2":1,"3":1,"4":1},"f":{"0":1},"b":{"0":[1,1]}}
,"C:\\Users\\Utilisateur\\Documents\\1 - ALTERNANCE WCS\\CODES\\IN USE\\sportParkour\\backend\\src\\lib\\datasource.ts": {"path":"C:\\Users\\Utilisateur\\Documents\\1 - ALTERNANCE WCS\\CODES\\IN USE\\sportParkour\\backend\\src\\lib\\datasource.ts","statementMap":{"0":{"start":{"line":1,"column":0},"end":{"line":1,"column":37}},"1":{"start":{"line":3,"column":0},"end":{"line":3,"column":55}},"2":{"start":{"line":4,"column":0},"end":{"line":4,"column":55}},"3":{"start":{"line":5,"column":0},"end":{"line":5,"column":49}},"4":{"start":{"line":6,"column":0},"end":{"line":6,"column":71}},"5":{"start":{"line":7,"column":0},"end":{"line":7,"column":65}},"6":{"start":{"line":8,"column":0},"end":{"line":8,"column":65}},"7":{"start":{"line":37,"column":0},"end":{"line":50,"column":3}}},"fnMap":{},"branchMap":{},"s":{"0":1,"1":1,"2":1,"3":1,"4":1,"5":1,"6":1,"7":1},"f":{},"b":{}}
,"C:\\Users\\Utilisateur\\Documents\\1 - ALTERNANCE WCS\\CODES\\IN USE\\sportParkour\\backend\\src\\resolvers\\user.resolver.ts": {"path":"C:\\Users\\Utilisateur\\Documents\\1 - ALTERNANCE WCS\\CODES\\IN USE\\sportParkour\\backend\\src\\resolvers\\user.resolver.ts","statementMap":{"0":{"start":{"line":1,"column":0},"end":{"line":1,"column":79}},"1":{"start":{"line":2,"column":0},"end":{"line":2,"column":71}},"2":{"start":{"line":3,"column":0},"end":{"line":3,"column":59}},"3":{"start":{"line":4,"column":0},"end":{"line":4,"column":51}},"4":{"start":{"line":5,"column":0},"end":{"line":5,"column":51}},"5":{"start":{"line":10,"column":15},"end":{"line":70,"column":null}},"6":{"start":{"line":14,"column":16},"end":{"line":14,"column":47}},"7":{"start":{"line":15,"column":36},"end":{"line":15,"column":40}},"8":{"start":{"line":17,"column":17},"end":{"line":17,"column":64}},"9":{"start":{"line":18,"column":4},"end":{"line":21,"column":5}},"10":{"start":{"line":20,"column":6},"end":{"line":20,"column":62}},"11":{"start":{"line":23,"column":4},"end":{"line":23,"column":18}},"12":{"start":{"line":30,"column":4},"end":{"line":30,"column":16}},"13":{"start":{"line":37,"column":4},"end":{"line":37,"column":16}},"14":{"start":{"line":49,"column":16},"end":{"line":49,"column":47}},"15":{"start":{"line":50,"column":36},"end":{"line":50,"column":40}},"16":{"start":{"line":52,"column":17},"end":{"line":52,"column":64}},"17":{"start":{"line":53,"column":4},"end":{"line":55,"column":5}},"18":{"start":{"line":54,"column":6},"end":{"line":54,"column":62}},"19":{"start":{"line":56,"column":4},"end":{"line":56,"column":18}},"20":{"start":{"line":63,"column":4},"end":{"line":63,"column":39}},"21":{"start":{"line":65,"column":26},"end":{"line":65,"column":45}},"22":{"start":{"line":66,"column":4},"end":{"line":66,"column":64}},"23":{"start":{"line":67,"column":4},"end":{"line":67,"column":33}},"24":{"start":{"line":68,"column":4},"end":{"line":68,"column":25}},"25":{"start":{"line":13,"column":8},"end":{"line":24,"column":null}},"26":{"start":{"line":12,"column":15},"end":{"line":12,"column":25}},"27":{"start":{"line":29,"column":8},"end":{"line":31,"column":null}},"28":{"start":{"line":28,"column":15},"end":{"line":28,"column":22}},"29":{"start":{"line":36,"column":8},"end":{"line":38,"column":null}},"30":{"start":{"line":35,"column":15},"end":{"line":35,"column":22}},"31":{"start":{"line":45,"column":8},"end":{"line":57,"column":null}},"32":{"start":{"line":44,"column":18},"end":{"line":44,"column":28}},"33":{"start":{"line":62,"column":8},"end":{"line":69,"column":null}},"34":{"start":{"line":61,"column":18},"end":{"line":61,"column":31}},"35":{"start":{"line":10,"column":21},"end":{"line":70,"column":null}},"36":{"start":{"line":10,"column":21},"end":{"line":10,"column":null}}},"fnMap":{"0":{"name":"(anonymous_18)","decl":{"start":{"line":13,"column":8},"end":{"line":13,"column":22}},"loc":{"start":{"line":13,"column":44},"end":{"line":24,"column":null}}},"1":{"name":"(anonymous_20)","decl":{"start":{"line":29,"column":8},"end":{"line":29,"column":15}},"loc":{"start":{"line":29,"column":15},"end":{"line":31,"column":null}}},"2":{"name":"(anonymous_22)","decl":{"start":{"line":36,"column":8},"end":{"line":36,"column":16}},"loc":{"start":{"line":36,"column":16},"end":{"line":38,"column":null}}},"3":{"name":"(anonymous_24)","decl":{"start":{"line":45,"column":8},"end":{"line":45,"column":18}},"loc":{"start":{"line":47,"column":25},"end":{"line":57,"column":null}}},"4":{"name":"(anonymous_26)","decl":{"start":{"line":62,"column":8},"end":{"line":62,"column":18}},"loc":{"start":{"line":62,"column":40},"end":{"line":69,"column":null}}},"5":{"name":"(anonymous_28)","decl":{"start":{"line":12,"column":9},"end":{"line":12,"column":12}},"loc":{"start":{"line":12,"column":15},"end":{"line":12,"column":25}}},"6":{"name":"(anonymous_29)","decl":{"start":{"line":28,"column":9},"end":{"line":28,"column":12}},"loc":{"start":{"line":28,"column":15},"end":{"line":28,"column":22}}},"7":{"name":"(anonymous_30)","decl":{"start":{"line":35,"column":9},"end":{"line":35,"column":12}},"loc":{"start":{"line":35,"column":15},"end":{"line":35,"column":22}}},"8":{"name":"(anonymous_31)","decl":{"start":{"line":44,"column":12},"end":{"line":44,"column":15}},"loc":{"start":{"line":44,"column":18},"end":{"line":44,"column":28}}},"9":{"name":"(anonymous_32)","decl":{"start":{"line":61,"column":12},"end":{"line":61,"column":15}},"loc":{"start":{"line":61,"column":18},"end":{"line":61,"column":31}}}},"branchMap":{"0":{"loc":{"start":{"line":18,"column":4},"end":{"line":21,"column":5}},"type":"if","locations":[{"start":{"line":18,"column":4},"end":{"line":21,"column":5}}]},"1":{"loc":{"start":{"line":53,"column":4},"end":{"line":55,"column":5}},"type":"if","locations":[{"start":{"line":53,"column":4},"end":{"line":55,"column":5}}]}},"s":{"0":1,"1":1,"2":1,"3":1,"4":1,"5":1,"6":0,"7":0,"8":0,"9":0,"10":0,"11":0,"12":0,"13":0,"14":0,"15":0,"16":0,"17":0,"18":0,"19":0,"20":0,"21":0,"22":0,"23":0,"24":0,"25":1,"26":1,"27":1,"28":1,"29":1,"30":1,"31":1,"32":1,"33":1,"34":1,"35":1,"36":1},"f":{"0":0,"1":0,"2":0,"3":0,"4":0,"5":1,"6":1,"7":1,"8":1,"9":1},"b":{"0":[0],"1":[0]}}
,"C:\\Users\\Utilisateur\\Documents\\1 - ALTERNANCE WCS\\CODES\\IN USE\\sportParkour\\backend\\src\\services\\auth.service.ts": {"path":"C:\\Users\\Utilisateur\\Documents\\1 - ALTERNANCE WCS\\CODES\\IN USE\\sportParkour\\backend\\src\\services\\auth.service.ts","statementMap":{"0":{"start":{"line":2,"column":0},"end":{"line":2,"column":78}},"1":{"start":{"line":4,"column":0},"end":{"line":4,"column":43}},"2":{"start":{"line":6,"column":0},"end":{"line":6,"column":33}},"3":{"start":{"line":13,"column":4},"end":{"line":13,"column":51}},"4":{"start":{"line":17,"column":34},"end":{"line":17,"column":38}},"5":{"start":{"line":19,"column":4},"end":{"line":25,"column":5}},"6":{"start":{"line":20,"column":21},"end":{"line":22,"column":null}},"7":{"start":{"line":24,"column":6},"end":{"line":24,"column":62}},"8":{"start":{"line":26,"column":4},"end":{"line":28,"column":5}},"9":{"start":{"line":27,"column":6},"end":{"line":27,"column":46}},"10":{"start":{"line":30,"column":4},"end":{"line":30,"column":16}},"11":{"start":{"line":34,"column":36},"end":{"line":34,"column":70}},"12":{"start":{"line":35,"column":4},"end":{"line":35,"column":16}},"13":{"start":{"line":39,"column":29},"end":{"line":39,"column":49}},"14":{"start":{"line":40,"column":32},"end":{"line":40,"column":56}},"15":{"start":{"line":41,"column":4},"end":{"line":41,"column":19}},"16":{"start":{"line":44,"column":0},"end":{"line":44,"column":27}}},"fnMap":{"0":{"name":"(anonymous_8)","decl":{"start":{"line":12,"column":2},"end":{"line":12,"column":null}},"loc":{"start":{"line":12,"column":2},"end":{"line":14,"column":3}}},"1":{"name":"(anonymous_9)","decl":{"start":{"line":16,"column":8},"end":{"line":16,"column":24}},"loc":{"start":{"line":16,"column":38},"end":{"line":31,"column":null}}},"2":{"name":"(anonymous_11)","decl":{"start":{"line":33,"column":8},"end":{"line":33,"column":23}},"loc":{"start":{"line":33,"column":37},"end":{"line":36,"column":null}}},"3":{"name":"(anonymous_13)","decl":{"start":{"line":38,"column":8},"end":{"line":38,"column":18}},"loc":{"start":{"line":38,"column":48},"end":{"line":42,"column":null}}}},"branchMap":{"0":{"loc":{"start":{"line":19,"column":4},"end":{"line":25,"column":5}},"type":"if","locations":[{"start":{"line":19,"column":4},"end":{"line":25,"column":5}}]},"1":{"loc":{"start":{"line":26,"column":4},"end":{"line":28,"column":5}},"type":"if","locations":[{"start":{"line":26,"column":4},"end":{"line":28,"column":5}}]}},"s":{"0":1,"1":1,"2":1,"3":0,"4":0,"5":0,"6":0,"7":0,"8":0,"9":0,"10":0,"11":0,"12":0,"13":0,"14":0,"15":0,"16":1},"f":{"0":0,"1":0,"2":0,"3":0},"b":{"0":[0],"1":[0]}}
,"C:\\Users\\Utilisateur\\Documents\\1 - ALTERNANCE WCS\\CODES\\IN USE\\sportParkour\\backend\\src\\services\\joinUserParkour.service.ts": {"path":"C:\\Users\\Utilisateur\\Documents\\1 - ALTERNANCE WCS\\CODES\\IN USE\\sportParkour\\backend\\src\\services\\joinUserParkour.service.ts","statementMap":{"0":{"start":{"line":2,"column":0},"end":{"line":2,"column":43}},"1":{"start":{"line":4,"column":0},"end":{"line":4,"column":null}},"2":{"start":{"line":12,"column":4},"end":{"line":12,"column":62}},"3":{"start":{"line":16,"column":4},"end":{"line":16,"column":37}},"4":{"start":{"line":17,"column":49},"end":{"line":23,"column":6}},"5":{"start":{"line":25,"column":4},"end":{"line":27,"column":5}},"6":{"start":{"line":26,"column":6},"end":{"line":26,"column":73}},"7":{"start":{"line":29,"column":4},"end":{"line":29,"column":18}},"8":{"start":{"line":33,"column":51},"end":{"line":39,"column":6}},"9":{"start":{"line":41,"column":4},"end":{"line":43,"column":5}},"10":{"start":{"line":42,"column":6},"end":{"line":42,"column":50}},"11":{"start":{"line":45,"column":4},"end":{"line":45,"column":18}},"12":{"start":{"line":50,"column":6},"end":{"line":54,"column":8}},"13":{"start":{"line":56,"column":4},"end":{"line":58,"column":5}},"14":{"start":{"line":57,"column":6},"end":{"line":57,"column":50}},"15":{"start":{"line":60,"column":4},"end":{"line":60,"column":31}},"16":{"start":{"line":65,"column":6},"end":{"line":69,"column":8}},"17":{"start":{"line":71,"column":4},"end":{"line":73,"column":5}},"18":{"start":{"line":72,"column":6},"end":{"line":72,"column":50}},"19":{"start":{"line":75,"column":4},"end":{"line":75,"column":31}},"20":{"start":{"line":82,"column":17},"end":{"line":87,"column":6}},"21":{"start":{"line":88,"column":31},"end":{"line":88,"column":51}},"22":{"start":{"line":89,"column":4},"end":{"line":89,"column":43}},"23":{"start":{"line":91,"column":28},"end":{"line":93,"column":null}},"24":{"start":{"line":95,"column":4},"end":{"line":95,"column":27}},"25":{"start":{"line":99,"column":29},"end":{"line":101,"column":null}},"26":{"start":{"line":103,"column":4},"end":{"line":103,"column":50}},"27":{"start":{"line":107,"column":29},"end":{"line":107,"column":63}},"28":{"start":{"line":108,"column":4},"end":{"line":108,"column":43}},"29":{"start":{"line":112,"column":29},"end":{"line":112,"column":69}},"30":{"start":{"line":113,"column":4},"end":{"line":113,"column":43}},"31":{"start":{"line":117,"column":0},"end":{"line":117,"column":38}}},"fnMap":{"0":{"name":"(anonymous_8)","decl":{"start":{"line":11,"column":2},"end":{"line":11,"column":null}},"loc":{"start":{"line":11,"column":2},"end":{"line":13,"column":3}}},"1":{"name":"(anonymous_9)","decl":{"start":{"line":15,"column":8},"end":{"line":15,"column":31}},"loc":{"start":{"line":15,"column":67},"end":{"line":30,"column":null}}},"2":{"name":"(anonymous_11)","decl":{"start":{"line":32,"column":8},"end":{"line":32,"column":21}},"loc":{"start":{"line":32,"column":35},"end":{"line":46,"column":null}}},"3":{"name":"(anonymous_13)","decl":{"start":{"line":48,"column":8},"end":{"line":48,"column":22}},"loc":{"start":{"line":48,"column":38},"end":{"line":61,"column":null}}},"4":{"name":"(anonymous_15)","decl":{"start":{"line":63,"column":8},"end":{"line":63,"column":25}},"loc":{"start":{"line":63,"column":44},"end":{"line":76,"column":null}}},"5":{"name":"(anonymous_17)","decl":{"start":{"line":81,"column":8},"end":{"line":81,"column":14}},"loc":{"start":{"line":81,"column":65},"end":{"line":96,"column":null}}},"6":{"name":"(anonymous_19)","decl":{"start":{"line":98,"column":8},"end":{"line":98,"column":34}},"loc":{"start":{"line":98,"column":71},"end":{"line":104,"column":null}}},"7":{"name":"(anonymous_21)","decl":{"start":{"line":106,"column":8},"end":{"line":106,"column":25}},"loc":{"start":{"line":106,"column":41},"end":{"line":109,"column":null}}},"8":{"name":"(anonymous_23)","decl":{"start":{"line":111,"column":8},"end":{"line":111,"column":28}},"loc":{"start":{"line":111,"column":47},"end":{"line":114,"column":null}}}},"branchMap":{"0":{"loc":{"start":{"line":25,"column":4},"end":{"line":27,"column":5}},"type":"if","locations":[{"start":{"line":25,"column":4},"end":{"line":27,"column":5}}]},"1":{"loc":{"start":{"line":41,"column":4},"end":{"line":43,"column":5}},"type":"if","locations":[{"start":{"line":41,"column":4},"end":{"line":43,"column":5}}]},"2":{"loc":{"start":{"line":56,"column":4},"end":{"line":58,"column":5}},"type":"if","locations":[{"start":{"line":56,"column":4},"end":{"line":58,"column":5}}]},"3":{"loc":{"start":{"line":71,"column":4},"end":{"line":73,"column":5}},"type":"if","locations":[{"start":{"line":71,"column":4},"end":{"line":73,"column":5}}]}},"s":{"0":1,"1":1,"2":0,"3":0,"4":0,"5":0,"6":0,"7":0,"8":0,"9":0,"10":0,"11":0,"12":0,"13":0,"14":0,"15":0,"16":0,"17":0,"18":0,"19":0,"20":0,"21":0,"22":0,"23":0,"24":0,"25":0,"26":0,"27":0,"28":0,"29":0,"30":0,"31":1},"f":{"0":0,"1":0,"2":0,"3":0,"4":0,"5":0,"6":0,"7":0,"8":0},"b":{"0":[0],"1":[0],"2":[0],"3":[0]}}
,"C:\\Users\\Utilisateur\\Documents\\1 - ALTERNANCE WCS\\CODES\\IN USE\\sportParkour\\backend\\src\\services\\user.service.ts": {"path":"C:\\Users\\Utilisateur\\Documents\\1 - ALTERNANCE WCS\\CODES\\IN USE\\sportParkour\\backend\\src\\services\\user.service.ts","statementMap":{"0":{"start":{"line":2,"column":0},"end":{"line":2,"column":71}},"1":{"start":{"line":4,"column":0},"end":{"line":4,"column":43}},"2":{"start":{"line":5,"column":0},"end":{"line":5,"column":63}},"3":{"start":{"line":11,"column":4},"end":{"line":11,"column":51}},"4":{"start":{"line":15,"column":17},"end":{"line":18,"column":6}},"5":{"start":{"line":19,"column":4},"end":{"line":21,"column":5}},"6":{"start":{"line":20,"column":6},"end":{"line":20,"column":60}},"7":{"start":{"line":22,"column":4},"end":{"line":22,"column":16}},"8":{"start":{"line":26,"column":17},"end":{"line":29,"column":6}},"9":{"start":{"line":30,"column":4},"end":{"line":32,"column":5}},"10":{"start":{"line":31,"column":6},"end":{"line":31,"column":60}},"11":{"start":{"line":33,"column":4},"end":{"line":33,"column":16}},"12":{"start":{"line":39,"column":17},"end":{"line":39,"column":39}},"13":{"start":{"line":40,"column":49},"end":{"line":40,"column":53}},"14":{"start":{"line":40,"column":44},"end":{"line":40,"column":49}},"15":{"start":{"line":42,"column":4},"end":{"line":46,"column":5}},"16":{"start":{"line":43,"column":6},"end":{"line":45,"column":7}},"17":{"start":{"line":44,"column":9},"end":{"line":44,"column":54}},"18":{"start":{"line":48,"column":4},"end":{"line":48,"column":51}},"19":{"start":{"line":52,"column":17},"end":{"line":52,"column":39}},"20":{"start":{"line":53,"column":4},"end":{"line":53,"column":61}},"21":{"start":{"line":55,"column":4},"end":{"line":55,"column":29}},"22":{"start":{"line":56,"column":4},"end":{"line":56,"column":31}},"23":{"start":{"line":59,"column":0},"end":{"line":59,"column":27}}},"fnMap":{"0":{"name":"(anonymous_9)","decl":{"start":{"line":10,"column":2},"end":{"line":10,"column":null}},"loc":{"start":{"line":10,"column":2},"end":{"line":12,"column":3}}},"1":{"name":"(anonymous_10)","decl":{"start":{"line":14,"column":8},"end":{"line":14,"column":15}},"loc":{"start":{"line":14,"column":26},"end":{"line":23,"column":null}}},"2":{"name":"(anonymous_12)","decl":{"start":{"line":25,"column":8},"end":{"line":25,"column":18}},"loc":{"start":{"line":25,"column":32},"end":{"line":34,"column":null}}},"3":{"name":"(anonymous_14)","decl":{"start":{"line":38,"column":8},"end":{"line":38,"column":14}},"loc":{"start":{"line":38,"column":49},"end":{"line":49,"column":null}}},"4":{"name":"(anonymous_16)","decl":{"start":{"line":51,"column":8},"end":{"line":51,"column":14}},"loc":{"start":{"line":51,"column":25},"end":{"line":57,"column":null}}}},"branchMap":{"0":{"loc":{"start":{"line":19,"column":4},"end":{"line":21,"column":5}},"type":"if","locations":[{"start":{"line":19,"column":4},"end":{"line":21,"column":5}}]},"1":{"loc":{"start":{"line":30,"column":4},"end":{"line":32,"column":5}},"type":"if","locations":[{"start":{"line":30,"column":4},"end":{"line":32,"column":5}}]},"2":{"loc":{"start":{"line":43,"column":6},"end":{"line":45,"column":7}},"type":"if","locations":[{"start":{"line":43,"column":6},"end":{"line":45,"column":7}}]}},"s":{"0":1,"1":1,"2":1,"3":0,"4":0,"5":0,"6":0,"7":0,"8":0,"9":0,"10":0,"11":0,"12":0,"13":0,"14":0,"15":0,"16":0,"17":0,"18":0,"19":0,"20":0,"21":0,"22":0,"23":1},"f":{"0":0,"1":0,"2":0,"3":0,"4":0},"b":{"0":[0],"1":[0],"2":[0]}}
}
