TN:
SF:src\entities\epreuve.entity.ts
FN:16,(anonymous_3)
FN:44,(anonymous_4)
FN:45,(anonymous_5)
FN:45,(anonymous_6)
FN:50,(anonymous_7)
FN:51,(anonymous_8)
FNF:6
FNH:3
FNDA:1,(anonymous_3)
FNDA:1,(anonymous_4)
FNDA:0,(anonymous_5)
FNDA:0,(anonymous_6)
FNDA:1,(anonymous_7)
FNDA:0,(anonymous_8)
DA:1,1
DA:9,1
DA:10,1
DA:11,1
DA:15,1
DA:16,1
DA:18,1
DA:22,1
DA:26,1
DA:30,1
DA:34,1
DA:38,1
DA:42,1
DA:44,1
DA:45,0
DA:48,1
DA:50,1
DA:51,0
DA:65,1
DA:71,1
DA:73,1
DA:75,1
DA:77,1
DA:79,1
DA:81,1
DA:83,1
DA:88,1
DA:90,1
DA:92,1
DA:94,1
DA:96,1
DA:98,1
DA:100,1
DA:103,1
LF:34
LH:32
BRF:0
BRH:0
end_of_record
TN:
SF:src\entities\imageEpreuve.entity.ts
FN:8,(anonymous_3)
FN:16,(anonymous_4)
FN:17,(anonymous_5)
FNF:3
FNH:2
FNDA:1,(anonymous_3)
FNDA:1,(anonymous_4)
FNDA:0,(anonymous_5)
DA:1,1
DA:2,1
DA:3,1
DA:7,1
DA:8,1
DA:10,1
DA:14,1
DA:16,1
DA:17,0
DA:20,1
DA:23,1
LF:11
LH:10
BRF:0
BRH:0
end_of_record
TN:
SF:src\entities\imageParkour.entity.ts
FN:8,(anonymous_3)
FN:16,(anonymous_4)
FN:17,(anonymous_5)
FNF:3
FNH:2
FNDA:1,(anonymous_3)
FNDA:1,(anonymous_4)
FNDA:0,(anonymous_5)
DA:1,1
DA:2,1
DA:3,1
DA:7,1
DA:8,1
DA:10,1
DA:14,1
DA:16,1
DA:17,0
DA:20,1
DA:23,1
LF:11
LH:10
BRF:0
BRH:0
end_of_record
TN:
SF:src\entities\joinUserParkour.entity.ts
FN:12,(anonymous_3)
FN:16,(anonymous_4)
FN:32,(anonymous_5)
FN:33,(anonymous_6)
FN:37,(anonymous_7)
FN:38,(anonymous_8)
FNF:6
FNH:4
FNDA:1,(anonymous_3)
FNDA:1,(anonymous_4)
FNDA:1,(anonymous_5)
FNDA:0,(anonymous_6)
FNDA:1,(anonymous_7)
FNDA:0,(anonymous_8)
DA:1,1
DA:2,1
DA:3,1
DA:5,1
DA:6,1
DA:11,1
DA:12,1
DA:14,1
DA:16,1
DA:18,1
DA:26,1
DA:30,1
DA:32,1
DA:33,0
DA:35,1
DA:37,1
DA:38,0
DA:40,1
DA:44,1
DA:46,1
DA:48,1
DA:50,1
DA:54,1
DA:56,1
DA:58,1
DA:60,1
DA:63,1
LF:27
LH:25
BRF:0
BRH:0
end_of_record
TN:
SF:src\entities\message.entity.ts
FNF:0
FNH:0
DA:1,1
DA:4,1
DA:6,1
DA:8,1
LF:4
LH:4
BRF:0
BRH:0
end_of_record
TN:
SF:src\entities\parkour.entity.ts
FN:20,(anonymous_3)
FN:44,(anonymous_4)
FN:69,(anonymous_5)
FN:70,(anonymous_6)
FN:70,(anonymous_7)
FN:75,(anonymous_8)
FN:76,(anonymous_9)
FN:105,(anonymous_10)
FN:111,(anonymous_11)
FN:125,(anonymous_12)
FN:131,(anonymous_13)
FNF:11
FNH:4
FNDA:1,(anonymous_3)
FNDA:1,(anonymous_4)
FNDA:1,(anonymous_5)
FNDA:0,(anonymous_6)
FNDA:0,(anonymous_7)
FNDA:1,(anonymous_8)
FNDA:0,(anonymous_9)
FNDA:0,(anonymous_10)
FNDA:0,(anonymous_11)
FNDA:0,(anonymous_12)
FNDA:0,(anonymous_13)
DA:1,1
DA:9,1
DA:10,1
DA:12,1
DA:13,1
DA:15,1
DA:19,1
DA:20,1
DA:22,1
DA:26,1
DA:30,1
DA:36,1
DA:42,1
DA:44,1
DA:50,1
DA:54,1
DA:59,1
DA:63,1
DA:67,1
DA:69,1
DA:70,0
DA:73,1
DA:75,1
DA:76,0
DA:90,1
DA:96,1
DA:98,1
DA:100,1
DA:102,1
DA:104,1
DA:105,0
DA:106,1
DA:108,1
DA:110,1
DA:111,0
DA:112,1
DA:116,1
DA:118,1
DA:120,1
DA:122,1
DA:124,1
DA:125,0
DA:126,1
DA:128,1
DA:130,1
DA:131,0
DA:132,1
DA:136,1
DA:138,1
DA:140,1
DA:143,1
LF:51
LH:45
BRF:0
BRH:0
end_of_record
TN:
SF:src\entities\user.entity.ts
FN:20,(anonymous_10)
FN:24,(anonymous_12)
FN:46,(anonymous_13)
FN:50,(anonymous_14)
FN:70,(anonymous_15)
FN:77,(anonymous_16)
FN:78,(anonymous_17)
FN:78,(anonymous_18)
FNF:8
FNH:3
FNDA:0,(anonymous_10)
FNDA:1,(anonymous_12)
FNDA:0,(anonymous_13)
FNDA:0,(anonymous_14)
FNDA:1,(anonymous_15)
FNDA:1,(anonymous_16)
FNDA:0,(anonymous_17)
FNDA:0,(anonymous_18)
DA:1,1
DA:9,1
DA:10,1
DA:12,1
DA:13,1
DA:17,1
DA:20,1
DA:21,0
DA:24,1
DA:26,1
DA:30,1
DA:34,1
DA:38,1
DA:47,0
DA:51,0
DA:56,1
DA:60,1
DA:64,1
DA:68,1
DA:70,1
DA:75,1
DA:77,1
DA:78,0
DA:81,1
DA:88,1
DA:90,1
DA:92,1
DA:94,1
DA:96,1
DA:98,1
DA:100,1
DA:102,1
DA:107,1
DA:109,1
DA:111,1
DA:116,1
DA:118,1
DA:120,1
DA:122,1
DA:124,1
DA:126,1
DA:128,1
DA:131,1
LF:43
LH:39
BRF:0
BRH:0
end_of_record
TN:
SF:src\enum\difficulty.enum.ts
FN:3,(anonymous_0)
FNF:1
FNH:1
FNDA:1,(anonymous_0)
DA:1,1
DA:3,1
DA:4,1
DA:5,1
DA:6,1
DA:9,1
LF:6
LH:6
BRDA:3,0,0,1
BRDA:3,0,1,1
BRF:2
BRH:2
end_of_record
TN:
SF:src\enum\role.enum.ts
FN:3,(anonymous_0)
FNF:1
FNH:1
FNDA:1,(anonymous_0)
DA:1,1
DA:3,1
DA:4,1
DA:5,1
DA:8,1
LF:5
LH:5
BRDA:3,0,0,1
BRDA:3,0,1,1
BRF:2
BRH:2
end_of_record
TN:
SF:src\lib\datasource.ts
FNF:0
FNH:0
DA:1,1
DA:3,1
DA:4,1
DA:5,1
DA:6,1
DA:7,1
DA:8,1
DA:37,1
LF:8
LH:8
BRF:0
BRH:0
end_of_record
TN:
SF:src\resolvers\user.resolver.ts
FN:13,(anonymous_18)
FN:29,(anonymous_20)
FN:36,(anonymous_22)
FN:45,(anonymous_24)
FN:62,(anonymous_26)
FN:12,(anonymous_28)
FN:28,(anonymous_29)
FN:35,(anonymous_30)
FN:44,(anonymous_31)
FN:61,(anonymous_32)
FNF:10
FNH:5
FNDA:0,(anonymous_18)
FNDA:0,(anonymous_20)
FNDA:0,(anonymous_22)
FNDA:0,(anonymous_24)
FNDA:0,(anonymous_26)
FNDA:1,(anonymous_28)
FNDA:1,(anonymous_29)
FNDA:1,(anonymous_30)
FNDA:1,(anonymous_31)
FNDA:1,(anonymous_32)
DA:1,1
DA:2,1
DA:3,1
DA:4,1
DA:5,1
DA:10,1
DA:12,1
DA:13,1
DA:14,0
DA:15,0
DA:17,0
DA:18,0
DA:20,0
DA:23,0
DA:28,1
DA:29,1
DA:30,0
DA:35,1
DA:36,1
DA:37,0
DA:44,1
DA:45,1
DA:49,0
DA:50,0
DA:52,0
DA:53,0
DA:54,0
DA:56,0
DA:61,1
DA:62,1
DA:63,0
DA:65,0
DA:66,0
DA:67,0
DA:68,0
LF:35
LH:16
BRDA:18,0,0,0
BRDA:53,1,0,0
BRF:2
BRH:0
end_of_record
TN:
SF:src\services\auth.service.ts
FN:12,(anonymous_8)
FN:16,(anonymous_9)
FN:33,(anonymous_11)
FN:38,(anonymous_13)
FNF:4
FNH:0
FNDA:0,(anonymous_8)
FNDA:0,(anonymous_9)
FNDA:0,(anonymous_11)
FNDA:0,(anonymous_13)
DA:2,1
DA:4,1
DA:6,1
DA:13,0
DA:17,0
DA:19,0
DA:20,0
DA:24,0
DA:26,0
DA:27,0
DA:30,0
DA:34,0
DA:35,0
DA:39,0
DA:40,0
DA:41,0
DA:44,1
LF:17
LH:4
BRDA:19,0,0,0
BRDA:26,1,0,0
BRF:2
BRH:0
end_of_record
TN:
SF:src\services\joinUserParkour.service.ts
FN:11,(anonymous_8)
FN:15,(anonymous_9)
FN:32,(anonymous_11)
FN:48,(anonymous_13)
FN:63,(anonymous_15)
FN:81,(anonymous_17)
FN:98,(anonymous_19)
FN:106,(anonymous_21)
FN:111,(anonymous_23)
FNF:9
FNH:0
FNDA:0,(anonymous_8)
FNDA:0,(anonymous_9)
FNDA:0,(anonymous_11)
FNDA:0,(anonymous_13)
FNDA:0,(anonymous_15)
FNDA:0,(anonymous_17)
FNDA:0,(anonymous_19)
FNDA:0,(anonymous_21)
FNDA:0,(anonymous_23)
DA:2,1
DA:4,1
DA:12,0
DA:16,0
DA:17,0
DA:25,0
DA:26,0
DA:29,0
DA:33,0
DA:41,0
DA:42,0
DA:45,0
DA:50,0
DA:56,0
DA:57,0
DA:60,0
DA:65,0
DA:71,0
DA:72,0
DA:75,0
DA:82,0
DA:88,0
DA:89,0
DA:91,0
DA:95,0
DA:99,0
DA:103,0
DA:107,0
DA:108,0
DA:112,0
DA:113,0
DA:117,1
LF:32
LH:3
BRDA:25,0,0,0
BRDA:41,1,0,0
BRDA:56,2,0,0
BRDA:71,3,0,0
BRF:4
BRH:0
end_of_record
TN:
SF:src\services\user.service.ts
FN:10,(anonymous_9)
FN:14,(anonymous_10)
FN:25,(anonymous_12)
FN:38,(anonymous_14)
FN:51,(anonymous_16)
FNF:5
FNH:0
FNDA:0,(anonymous_9)
FNDA:0,(anonymous_10)
FNDA:0,(anonymous_12)
FNDA:0,(anonymous_14)
FNDA:0,(anonymous_16)
DA:2,1
DA:4,1
DA:5,1
DA:11,0
DA:15,0
DA:19,0
DA:20,0
DA:22,0
DA:26,0
DA:30,0
DA:31,0
DA:33,0
DA:39,0
DA:40,0
DA:42,0
DA:43,0
DA:44,0
DA:48,0
DA:52,0
DA:53,0
DA:55,0
DA:56,0
DA:59,1
LF:23
LH:4
BRDA:19,0,0,0
BRDA:30,1,0,0
BRDA:43,2,0,0
BRF:3
BRH:0
end_of_record
